<?xml version="1.0" encoding="UTF-8"?>
<!-- Generated by org.testng.reporters.JUnitXMLReporter -->
<testsuite ignored="0" hostname="yaldandis-MacBook-Air.local" failures="0" tests="4" name="Default test" time="15.604" errors="0" timestamp="2026-02-24T13:05:20 IST">
  <testcase classname="Base.BaseTest" name="AppiumSetup" time="6.428"/>
  <testcase classname="Tests.LoginTest" name="logintest" time="4.34"/>
  <testcase classname="Tests.LoginTest" name="logintest" time="2.878"/>
  <testcase classname="Tests.LoginTest" name="logintest" time="1.824"/>
</testsuite> <!-- Default test -->
