<?xml version="1.0" encoding="UTF-8"?>
<!-- Generated by org.testng.reporters.JUnitXMLReporter -->
<testsuite ignored="0" hostname="yaldandis-MacBook-Air.local" failures="1" tests="5" name="Test" time="27.498" errors="0" timestamp="2026-02-27T11:32:34 IST">
  <testcase classname="Tests.LoginTest" name="logintest" time="0.914">
    <failure type="org.openqa.selenium.NoSuchElementException" message="An element could not be located on the page using the given search parameters.
For documentation on this error, please visit: https://www.selenium.dev/documentation/webdriver/troubleshooting/errors#nosuchelementexception
Build info: version: &amp;apos;4.41.0&amp;apos;, revision: &amp;apos;9fc754f&amp;apos;
System info: os.name: &amp;apos;Mac OS X&amp;apos;, os.arch: &amp;apos;aarch64&amp;apos;, os.version: &amp;apos;26.2&amp;apos;, java.version: &amp;apos;17.0.12&amp;apos;
Driver info: io.appium.java_client.android.AndroidDriver
Command: [7d2033ef-a244-46d6-84d9-42f34f1c1640, findElement {value=test-Username, using=accessibility id}]
Capabilities {appium:appActivity: com.swaglabsmobileapp.MainA..., appium:appPackage: com.swaglabsmobileapp, appium:automationName: UiAutomator2, appium:databaseEnabled: false, appium:desired: {appActivity: com.swaglabsmobileapp.MainA..., appPackage: com.swaglabsmobileapp, automationName: UiAutomator2, deviceName: emulator-5554, noReset: true, platformName: ANDROID}, appium:deviceApiLevel: 36, appium:deviceManufacturer: Google, appium:deviceModel: sdk_gphone64_arm64, appium:deviceName: emulator-5554, appium:deviceScreenDensity: 420, appium:deviceScreenSize: 1080x2400, appium:deviceUDID: emulator-5554, appium:javascriptEnabled: true, appium:locationContextEnabled: false, appium:networkConnectionEnabled: true, appium:noReset: true, appium:pixelRatio: 2.625, appium:platformVersion: 16, appium:statBarHeight: 132, appium:takesScreenshot: true, appium:viewportRect: {height: 2268, left: 0, top: 132, width: 1080}, appium:warnings: {}, appium:webStorageEnabled: false, platformName: ANDROID}
Session ID: 7d2033ef-a244-46d6-84d9-42f34f1c1640">
      <![CDATA[org.openqa.selenium.NoSuchElementException: An element could not be located on the page using the given search parameters.
For documentation on this error, please visit: https://www.selenium.dev/documentation/webdriver/troubleshooting/errors#nosuchelementexception
Build info: version: '4.41.0', revision: '9fc754f'
System info: os.name: 'Mac OS X', os.arch: 'aarch64', os.version: '26.2', java.version: '17.0.12'
Driver info: io.appium.java_client.android.AndroidDriver
Command: [7d2033ef-a244-46d6-84d9-42f34f1c1640, findElement {value=test-Username, using=accessibility id}]
Capabilities {appium:appActivity: com.swaglabsmobileapp.MainA..., appium:appPackage: com.swaglabsmobileapp, appium:automationName: UiAutomator2, appium:databaseEnabled: false, appium:desired: {appActivity: com.swaglabsmobileapp.MainA..., appPackage: com.swaglabsmobileapp, automationName: UiAutomator2, deviceName: emulator-5554, noReset: true, platformName: ANDROID}, appium:deviceApiLevel: 36, appium:deviceManufacturer: Google, appium:deviceModel: sdk_gphone64_arm64, appium:deviceName: emulator-5554, appium:deviceScreenDensity: 420, appium:deviceScreenSize: 1080x2400, appium:deviceUDID: emulator-5554, appium:javascriptEnabled: true, appium:locationContextEnabled: false, appium:networkConnectionEnabled: true, appium:noReset: true, appium:pixelRatio: 2.625, appium:platformVersion: 16, appium:statBarHeight: 132, appium:takesScreenshot: true, appium:viewportRect: {height: 2268, left: 0, top: 132, width: 1080}, appium:warnings: {}, appium:webStorageEnabled: false, platformName: ANDROID}
Session ID: 7d2033ef-a244-46d6-84d9-42f34f1c1640
at org.openqa.selenium.remote.ErrorCodec.decode(ErrorCodec.java:169)
at org.openqa.selenium.remote.codec.w3c.W3CHttpResponseCodec.decode(W3CHttpResponseCodec.java:142)
at org.openqa.selenium.remote.codec.w3c.W3CHttpResponseCodec.decode(W3CHttpResponseCodec.java:49)
at org.openqa.selenium.remote.HttpCommandExecutor.execute(HttpCommandExecutor.java:223)
at io.appium.java_client.remote.AppiumCommandExecutor.execute(AppiumCommandExecutor.java:243)
at org.openqa.selenium.remote.RemoteWebDriver.execute(RemoteWebDriver.java:604)
at org.openqa.selenium.remote.ElementLocation$ElementFinder$2.findElement(ElementLocation.java:166)
at org.openqa.selenium.remote.ElementLocation.findElement(ElementLocation.java:67)
at org.openqa.selenium.remote.RemoteWebDriver.findElement(RemoteWebDriver.java:427)
at org.openqa.selenium.remote.RemoteWebDriver.findElement(RemoteWebDriver.java:421)
at Pages.LoginPOM.login(LoginPOM.java:35)
at Tests.LoginTest.logintest(LoginTest.java:39)
at java.base/java.util.ArrayList.forEach(ArrayList.java:1511)
... Removed 27 stack frames]]>
    </failure>
  </testcase> <!-- logintest -->
  <testcase classname="Tests.LoginTest" name="logintest" time="2.7"/>
  <testcase classname="Tests.LoginTest" name="logintest" time="2.76"/>
  <testcase classname="Tests.ProductTest" name="validateProductSelection" time="11.622"/>
  <testcase classname="Tests.CartLogic" name="cartpagevalidation" time="1.363"/>
</testsuite> <!-- Test -->
